\BOOKMARK [0][-]{section*.1}{\376\377\000A\000b\000s\000t\000r\000a\000c\000t}{}% 1
\BOOKMARK [0][-]{section*.2}{\376\377\000P\000r\000e\000f\000a\000c\000e}{}% 2
\BOOKMARK [0][-]{chapter.8}{\376\377\000I\000n\000t\000r\000o\000d\000u\000c\000t\000i\000o\000n}{}% 3
\BOOKMARK [1][-]{section.9}{\376\377\000T\000h\000e\000s\000i\000s\000\040\000o\000u\000t\000l\000i\000n\000e}{chapter.8}% 4
\BOOKMARK [0][-]{chapter.10}{\376\377\000T\000h\000e\000o\000r\000e\000t\000i\000c\000a\000l\000\040\000a\000n\000d\000\040\000c\000o\000m\000p\000u\000t\000a\000t\000i\000o\000n\000a\000l\000\040\000t\000o\000o\000l\000s}{}% 5
\BOOKMARK [1][-]{section.11}{\376\377\000D\000e\000n\000s\000i\000t\000y\000\040\000F\000u\000n\000c\000t\000i\000o\000n\000a\000l\000\040\000T\000h\000e\000o\000r\000y}{chapter.10}% 6
\BOOKMARK [2][-]{subsection.12}{\376\377\000B\000a\000s\000i\000c\000s\000\040\000o\000f\000\040\000D\000F\000T}{section.11}% 7
\BOOKMARK [2][-]{subsection.32}{\376\377\000S\000I\000E\000S\000T\000A}{section.11}% 8
\BOOKMARK [1][-]{section.61}{\376\377\000T\000h\000e\000\040\000s\000i\000s\000l\000\040\000p\000a\000c\000k\000a\000g\000e}{chapter.10}% 9
\BOOKMARK [0][-]{chapter.62}{\376\377\000N\000a\000n\000o\000p\000o\000r\000o\000u\000s\000\040\000g\000r\000a\000p\000h\000e\000n\000e}{}% 10
\BOOKMARK [1][-]{section.64}{\376\377\000E\000l\000e\000c\000t\000r\000o\000n\000i\000c\000\040\000p\000r\000o\000p\000e\000r\000t\000i\000e\000s\000\040\000o\000f\000\040\000N\000P\000G}{chapter.62}% 11
\BOOKMARK [2][-]{subsection.65}{\376\377\000R\000i\000b\000b\000o\000n\000\040\000c\000r\000o\000s\000s\000-\000t\000a\000l\000k}{section.64}% 12
\BOOKMARK [1][-]{section.66}{\376\377\000C\000h\000a\000r\000g\000e\000\040\000t\000r\000a\000n\000s\000p\000o\000r\000t\000\040\000i\000n\000\040\000N\000P\000G}{chapter.62}% 13
\BOOKMARK [1][-]{section.70}{\376\377\000D\000o\000u\000b\000l\000e\000-\000p\000o\000r\000e\000\040\000N\000P\000G}{chapter.62}% 14
\BOOKMARK [0][-]{chapter.71}{\376\377\000R\000e\000s\000u\000l\000t\000s}{}% 15
\BOOKMARK [1][-]{section.72}{\376\377\000P\000a\000r\000a\000-\000p\000a\000r\000a\000\040\000N\000P\000G}{chapter.71}% 16
\BOOKMARK [1][-]{section.74}{\376\377\000D\000i\000n\000i\000t\000r\000o\000-\000b\000i\000p\000h\000e\000n\000y\000l\000\040\000m\000o\000l\000e\000c\000u\000l\000e}{chapter.71}% 17
\BOOKMARK [1][-]{section.75}{\376\377\000D\000i\000n\000i\000t\000r\000o\000-\000P\000P\000-\000N\000P\000G}{chapter.71}% 18
\BOOKMARK [0][-]{chapter.76}{\376\377\000C\000o\000n\000c\000l\000u\000s\000i\000o\000n\000s\000\040\000a\000n\000d\000\040\000o\000u\000t\000l\000o\000o\000k}{}% 19
\BOOKMARK [1][-]{section.77}{\376\377\000C\000o\000n\000c\000l\000u\000s\000i\000o\000n\000s}{chapter.76}% 20
\BOOKMARK [1][-]{section.78}{\376\377\000O\000u\000t\000l\000o\000o\000k}{chapter.76}% 21
\BOOKMARK [0][-]{appendix*.79}{\376\377\000B\000i\000b\000l\000i\000o\000g\000r\000a\000p\000h\000y}{}% 22
