#
#   partial DOS for atom index     0
#
#   Add data for atom_index =   1,  n,l,m,z=  2  1 -1  1
#   Add data for atom_index =   1,  n,l,m,z=  2  1 -1  2
#   Add data for atom_index =   2,  n,l,m,z=  2  1 -1  1
#   Add data for atom_index =   2,  n,l,m,z=  2  1 -1  2
#
#    Energy          spin 1        spin2
#
  -14.9999840     0.04737371
  -14.9599039     0.04711906
  -14.9198237     0.04691791
  -14.8797436     0.04646296
  -14.8396635     0.04602278
  -14.7995834     0.04586850
  -14.7595033     0.04568038
  -14.7194231     0.04521499
  -14.6793430     0.04484233
  -14.6392629     0.04476402
  -14.5991828     0.04456274
  -14.5591027     0.04409831
  -14.5190226     0.04380224
  -14.4789424     0.04375010
  -14.4388623     0.04352933
  -14.3987822     0.04310267
  -14.3587021     0.04285540
  -14.3186220     0.04280576
  -14.2785419     0.04257874
  -14.2384617     0.04220627
  -14.1983816     0.04215946
  -14.1583015     0.04263363
  -14.1182214     0.04382457
  -14.0781413     0.04654516
  -14.0380611     0.05113011
  -13.9979810     0.05626884
  -13.9579009     0.06028545
  -13.9178208     0.06280447
  -13.8777407     0.06427415
  -13.8376606     0.06496722
  -13.7975804     0.06514339
  -13.7575003     0.06531483
  -13.7174202     0.06578841
  -13.6773401     0.06627533
  -13.6372600     0.06639561
  -13.5971799     0.06644446
  -13.5570997     0.06692666
  -13.5170196     0.06750832
  -13.4769395     0.06763232
  -13.4368594     0.06771534
  -13.3967793     0.06825377
  -13.3566992     0.06871904
  -13.3166190     0.06877458
  -13.2765389     0.06906536
  -13.2364588     0.06974326
  -13.1963787     0.07007234
  -13.1562986     0.07002094
  -13.1162184     0.07036721
  -13.0761383     0.07112646
  -13.0360582     0.07155373
  -12.9959781     0.07157767
  -12.9558980     0.07181836
  -12.9158179     0.07243324
  -12.8757377     0.07297687
  -12.8356576     0.07319303
  -12.7955775     0.07341995
  -12.7554974     0.07401310
  -12.7154173     0.07459684
  -12.6753372     0.07472182
  -12.6352570     0.07489266
  -12.5951769     0.07569637
  -12.5550968     0.07651675
  -12.5150167     0.07653675
  -12.4749366     0.07644737
  -12.4348564     0.07732516
  -12.3947763     0.07839291
  -12.3546962     0.07843491
  -12.3146161     0.07834398
  -12.2745360     0.07931837
  -12.2344559     0.08034280
  -12.1943757     0.08025083
  -12.1542956     0.08019899
  -12.1142155     0.08146644
  -12.0741354     0.08272888
  -12.0340553     0.08247451
  -11.9939752     0.08214278
  -11.9538950     0.08344588
  -11.9138149     0.08502212
  -11.8737348     0.08510221
  -11.8336547     0.08476729
  -11.7935746     0.08570713
  -11.7534945     0.08715832
  -11.7134143     0.08761152
  -11.6733342     0.08767913
  -11.6332541     0.08861661
  -11.5931740     0.08977699
  -11.5530939     0.09018399
  -11.5130137     0.09058481
  -11.4729336     0.09174915
  -11.4328535     0.09287054
  -11.3927734     0.09329555
  -11.3526933     0.09386199
  -11.3126132     0.09513916
  -11.2725330     0.09625175
  -11.2324529     0.09673555
  -11.1923728     0.09756980
  -11.1522927     0.09916105
  -11.1122126     0.10034100
  -11.0721325     0.10065822
  -11.0320523     0.10152108
  -10.9919722     0.10355694
  -10.9518921     0.10525422
  -10.9118120     0.10573237
  -10.8717319     0.10636353
  -10.8316518     0.10831835
  -10.7915716     0.11060655
  -10.7514915     0.11189944
  -10.7114114     0.11277123
  -10.6713313     0.11450995
  -10.6312512     0.11687864
  -10.5911710     0.11891332
  -10.5510909     0.12074653
  -10.5110108     0.12294056
  -10.4709307     0.12538666
  -10.4308506     0.12795659
  -10.3907705     0.13091580
  -10.3506903     0.13427169
  -10.3106102     0.13770478
  -10.2705301     0.14138058
  -10.2304500     0.14608105
  -10.1903699     0.15201656
  -10.1502898     0.15870508
  -10.1102096     0.16688925
  -10.0701295     0.17854518
  -10.0300494     0.19354465
   -9.9899693     0.20758675
   -9.9498892     0.21460605
   -9.9098090     0.21154200
   -9.8697289     0.20049235
   -9.8296488     0.18609818
   -9.7895687     0.17221378
   -9.7494886     0.16098579
   -9.7094085     0.15282346
   -9.6693283     0.14678784
   -9.6292482     0.14174841
   -9.5891681     0.13709652
   -9.5490880     0.13268372
   -9.5090079     0.12874629
   -9.4689278     0.12563440
   -9.4288476     0.12309684
   -9.3887675     0.12031188
   -9.3486874     0.11713247
   -9.3086073     0.11446821
   -9.2685272     0.11270942
   -9.2284470     0.11089823
   -9.1883669     0.10842098
   -9.1482868     0.10608626
   -9.1082067     0.10455289
   -9.0681266     0.10321381
   -9.0280465     0.10135737
   -8.9879664     0.09930687
   -8.9478862     0.09778150
   -8.9078061     0.09669544
   -8.8677260     0.09540569
   -8.8276459     0.09374737
   -8.7875658     0.09208174
   -8.7474856     0.09085775
   -8.7074055     0.09009820
   -8.6673254     0.08902818
   -8.6272453     0.08727610
   -8.5871652     0.08584095
   -8.5470850     0.08527565
   -8.5070049     0.08454230
   -8.4669248     0.08306904
   -8.4268447     0.08171839
   -8.3867646     0.08096411
   -8.3466845     0.08026274
   -8.3066044     0.07923914
   -8.2665242     0.07805554
   -8.2264441     0.07708677
   -8.1863640     0.07649135
   -8.1462839     0.07573861
   -8.1062038     0.07450364
   -8.0661236     0.07356908
   -8.0260435     0.07322789
   -7.9859634     0.07244994
   -7.9458833     0.07113586
   -7.9058032     0.07044973
   -7.8657231     0.07019694
   -7.8256429     0.06926180
   -7.7855628     0.06813023
   -7.7454827     0.06767315
   -7.7054026     0.06721724
   -7.6653225     0.06625208
   -7.6252423     0.06547917
   -7.5851622     0.06503719
   -7.5450821     0.06434087
   -7.5050020     0.06354588
   -7.4649219     0.06301247
   -7.4248418     0.06242898
   -7.3847616     0.06169940
   -7.3446815     0.06111738
   -7.3046014     0.06057505
   -7.2645213     0.05992652
   -7.2244412     0.05933339
   -7.1843611     0.05878845
   -7.1442809     0.05820357
   -7.1042008     0.05763527
   -7.0641207     0.05708762
   -7.0240406     0.05653619
   -6.9839605     0.05599565
   -6.9438803     0.05546132
   -6.9038002     0.05493230
   -6.8637201     0.05441123
   -6.8236400     0.05389064
   -6.7835599     0.05334276
   -6.7434798     0.05262377
   -6.7033996     0.05123941
   -6.6633195     0.04808246
   -6.6232394     0.04173751
   -6.5831593     0.03184024
   -6.5430792     0.02031459
   -6.5029991     0.01041360
   -6.4629189     0.00416562
   -6.4228388     0.00127432
   -6.3827587     0.00029405
   -6.3426786     0.00005070
   -6.3025985     0.00000649
   -6.2625184     0.00000061
   -6.2224382     0.00000004
   -6.1823581     0.00000000
   -6.1422780     0.00000000
   -6.1021979     0.00000000
   -6.0621178     0.00000000
   -6.0220376     0.00000000
   -5.9819575     0.00000000
   -5.9418774     0.00000000
   -5.9017973     0.00000000
   -5.8617172     0.00000000
   -5.8216371     0.00000000
   -5.7815569     0.00000000
   -5.7414768     0.00000000
   -5.7013967     0.00000000
   -5.6613166     0.00000000
   -5.6212365     0.00000000
   -5.5811564     0.00000000
   -5.5410762     0.00000000
   -5.5009961     0.00000000
   -5.4609160     0.00000000
   -5.4208359     0.00000000
   -5.3807558     0.00000000
   -5.3406756     0.00000000
   -5.3005955     0.00000000
   -5.2605154     0.00000000
   -5.2204353     0.00000000
   -5.1803552     0.00000000
   -5.1402751     0.00000000
   -5.1001949     0.00000000
   -5.0601148     0.00000000
   -5.0200347     0.00000000
   -4.9799546     0.00000000
   -4.9398745     0.00000000
   -4.8997944     0.00000000
   -4.8597142     0.00000000
   -4.8196341     0.00000000
   -4.7795540     0.00000000
   -4.7394739     0.00000000
   -4.6993938     0.00000000
   -4.6593137     0.00000000
   -4.6192335     0.00000000
   -4.5791534     0.00000000
   -4.5390733     0.00000000
   -4.4989932     0.00000000
   -4.4589131     0.00000000
   -4.4188329     0.00000000
   -4.3787528     0.00000000
   -4.3386727     0.00000000
   -4.2985926     0.00000000
   -4.2585125     0.00000000
   -4.2184324     0.00000000
   -4.1783522     0.00000000
   -4.1382721     0.00000000
   -4.0981920     0.00000000
   -4.0581119     0.00000000
   -4.0180318     0.00000000
   -3.9779517     0.00000000
   -3.9378715     0.00000000
   -3.8977914     0.00000000
   -3.8577113     0.00000000
   -3.8176312     0.00000000
   -3.7775511     0.00000000
   -3.7374710     0.00000000
   -3.6973908     0.00000000
   -3.6573107     0.00000000
   -3.6172306     0.00000000
   -3.5771505     0.00000000
   -3.5370704     0.00000000
   -3.4969903     0.00000000
   -3.4569101     0.00000000
   -3.4168300     0.00000000
   -3.3767499     0.00000000
   -3.3366698     0.00000000
   -3.2965897     0.00000000
   -3.2565096     0.00000000
   -3.2164294     0.00000000
   -3.1763493     0.00000000
   -3.1362692     0.00000000
   -3.0961891     0.00000000
   -3.0561090     0.00000000
   -3.0160288     0.00000000
   -2.9759487     0.00000000
   -2.9358686     0.00000000
   -2.8957885     0.00000000
   -2.8557084     0.00000000
   -2.8156283     0.00000000
   -2.7755481     0.00000000
   -2.7354680     0.00000000
   -2.6953879     0.00000000
   -2.6553078     0.00000000
   -2.6152277     0.00000000
   -2.5751476     0.00000000
   -2.5350674     0.00000000
   -2.4949873     0.00000000
   -2.4549072     0.00000000
   -2.4148271     0.00000000
   -2.3747470     0.00000000
   -2.3346668     0.00000000
   -2.2945867     0.00000000
   -2.2545066     0.00000000
   -2.2144265     0.00000000
   -2.1743464     0.00000000
   -2.1342663     0.00000000
   -2.0941861     0.00000000
   -2.0541060     0.00000000
   -2.0140259     0.00000000
   -1.9739458     0.00000000
   -1.9338657     0.00000000
   -1.8937856     0.00000000
   -1.8537054     0.00000000
   -1.8136253     0.00000000
   -1.7735452     0.00000000
   -1.7334651     0.00000000
   -1.6933850     0.00000000
   -1.6533049     0.00000000
   -1.6132247     0.00000000
   -1.5731446     0.00000000
   -1.5330645     0.00000000
   -1.4929844     0.00000000
   -1.4529043     0.00000000
   -1.4128241     0.00000000
   -1.3727440     0.00000000
   -1.3326639     0.00000000
   -1.2925838     0.00000000
   -1.2525037     0.00000000
   -1.2124236     0.00000000
   -1.1723434     0.00000000
   -1.1322633     0.00000000
   -1.0921832     0.00000000
   -1.0521031     0.00000000
   -1.0120230     0.00000000
   -0.9719428     0.00000000
   -0.9318627     0.00000000
   -0.8917826     0.00000000
   -0.8517025     0.00000000
   -0.8116224     0.00000000
   -0.7715423     0.00000000
   -0.7314621     0.00000000
   -0.6913820     0.00000000
   -0.6513019     0.00000000
   -0.6112218     0.00000000
   -0.5711417     0.00000000
   -0.5310616     0.00000000
   -0.4909814     0.00000000
   -0.4509013     0.00000000
   -0.4108212     0.00000000
   -0.3707411     0.00000000
   -0.3306610     0.00000000
   -0.2905809     0.00000000
   -0.2505007     0.00000000
   -0.2104206     0.00000000
   -0.1703405     0.00000000
   -0.1302604     0.00000000
   -0.0901803     0.00000000
   -0.0501001     0.00000000
   -0.0100200     0.00000000
    0.0300601     0.00000000
    0.0701402     0.00000000
    0.1102203     0.00000000
    0.1503004     0.00000000
    0.1903806     0.00000000
    0.2304607     0.00000000
    0.2705408     0.00000000
    0.3106209     0.00000000
    0.3507010     0.00000000
    0.3907811     0.00000000
    0.4308613     0.00000000
    0.4709414     0.00000000
    0.5110215     0.00000000
    0.5511016     0.00000000
    0.5911817     0.00000000
    0.6312619     0.00000000
    0.6713420     0.00000000
    0.7114221     0.00000000
    0.7515022     0.00000000
    0.7915823     0.00000000
    0.8316624     0.00000000
    0.8717426     0.00000000
    0.9118227     0.00000000
    0.9519028     0.00000000
    0.9919829     0.00000000
    1.0320630     0.00000000
    1.0721431     0.00000000
    1.1122233     0.00000000
    1.1523034     0.00000000
    1.1923835     0.00000000
    1.2324636     0.00000000
    1.2725437     0.00000000
    1.3126239     0.00000000
    1.3527040     0.00000000
    1.3927841     0.00000000
    1.4328642     0.00000000
    1.4729443     0.00000000
    1.5130244     0.00000000
    1.5531046     0.00000000
    1.5931847     0.00000000
    1.6332648     0.00000000
    1.6733449     0.00000000
    1.7134250     0.00000000
    1.7535051     0.00000000
    1.7935853     0.00000000
    1.8336654     0.00000000
    1.8737455     0.00000000
    1.9138256     0.00000000
    1.9539057     0.00000000
    1.9939858     0.00000000
    2.0340660     0.00000000
    2.0741461     0.00000000
    2.1142262     0.00000000
    2.1543063     0.00000000
    2.1943864     0.00000000
    2.2344666     0.00000000
    2.2745467     0.00000000
    2.3146268     0.00000000
    2.3547069     0.00000000
    2.3947870     0.00000000
    2.4348671     0.00000000
    2.4749473     0.00000000
    2.5150274     0.00000000
    2.5551075     0.00000000
    2.5951876     0.00000000
    2.6352677     0.00000000
    2.6753478     0.00000000
    2.7154280     0.00000000
    2.7555081     0.00000000
    2.7955882     0.00000000
    2.8356683     0.00000000
    2.8757484     0.00000000
    2.9158286     0.00000000
    2.9559087     0.00000000
    2.9959888     0.00000000
    3.0360689     0.00000000
    3.0761490     0.00000000
    3.1162291     0.00000000
    3.1563093     0.00000000
    3.1963894     0.00000000
    3.2364695     0.00000000
    3.2765496     0.00000000
    3.3166297     0.00000000
    3.3567098     0.00000000
    3.3967900     0.00000000
    3.4368701     0.00000000
    3.4769502     0.00000000
    3.5170303     0.00000000
    3.5571104     0.00000000
    3.5971905     0.00000000
    3.6372707     0.00000000
    3.6773508     0.00000000
    3.7174309     0.00000001
    3.7575110     0.00000017
    3.7975911     0.00000187
    3.8376713     0.00001510
    3.8777514     0.00009053
    3.9178315     0.00040576
    3.9579116     0.00137261
    3.9979917     0.00355382
    4.0380718     0.00718877
    4.0781519     0.01170320
    4.1182321     0.01596580
    4.1583122     0.01918063
    4.1983923     0.02135746
    4.2384724     0.02294329
    4.2785525     0.02430470
    4.3186327     0.02564590
    4.3587128     0.02709455
    4.3987929     0.02862737
    4.4388730     0.03014805
    4.4789531     0.03175905
    4.5190332     0.03366150
    4.5591134     0.03578746
    4.5991935     0.03791199
    4.6392736     0.04014486
    4.6793537     0.04301904
    4.7194338     0.04727266
    4.7595139     0.05429471
    4.7995941     0.06711287
    4.8396742     0.08954740
    4.8797543     0.12178414
    4.9198344     0.15592779
    4.9599145     0.17848270
    4.9999947     0.18033123
