#
#   partial DOS for atom index     0
#
#   Add data for atom_index =   1,  n,l,m,z=  2  1  0  1
#   Add data for atom_index =   1,  n,l,m,z=  2  1  0  2
#   Add data for atom_index =   2,  n,l,m,z=  2  1  0  1
#   Add data for atom_index =   2,  n,l,m,z=  2  1  0  2
#
#    Energy          spin 1        spin2
#
  -14.9999840     0.00000000
  -14.9599039     0.00000000
  -14.9198237     0.00000000
  -14.8797436     0.00000000
  -14.8396635     0.00000000
  -14.7995834     0.00000000
  -14.7595033     0.00000000
  -14.7194231     0.00000000
  -14.6793430     0.00000000
  -14.6392629     0.00000000
  -14.5991828     0.00000000
  -14.5591027     0.00000000
  -14.5190226     0.00000000
  -14.4789424     0.00000000
  -14.4388623     0.00000000
  -14.3987822     0.00000000
  -14.3587021     0.00000000
  -14.3186220     0.00000000
  -14.2785419     0.00000000
  -14.2384617     0.00000000
  -14.1983816     0.00000000
  -14.1583015     0.00000000
  -14.1182214     0.00000000
  -14.0781413     0.00000000
  -14.0380611     0.00000000
  -13.9979810     0.00000000
  -13.9579009     0.00000000
  -13.9178208     0.00000000
  -13.8777407     0.00000000
  -13.8376606     0.00000000
  -13.7975804     0.00000000
  -13.7575003     0.00000000
  -13.7174202     0.00000000
  -13.6773401     0.00000000
  -13.6372600     0.00000000
  -13.5971799     0.00000000
  -13.5570997     0.00000000
  -13.5170196     0.00000000
  -13.4769395     0.00000000
  -13.4368594     0.00000000
  -13.3967793     0.00000000
  -13.3566992     0.00000000
  -13.3166190     0.00000000
  -13.2765389     0.00000000
  -13.2364588     0.00000000
  -13.1963787     0.00000000
  -13.1562986     0.00000000
  -13.1162184     0.00000000
  -13.0761383     0.00000000
  -13.0360582     0.00000000
  -12.9959781     0.00000000
  -12.9558980     0.00000000
  -12.9158179     0.00000000
  -12.8757377     0.00000000
  -12.8356576     0.00000000
  -12.7955775     0.00000000
  -12.7554974     0.00000000
  -12.7154173     0.00000000
  -12.6753372     0.00000000
  -12.6352570     0.00000000
  -12.5951769     0.00000000
  -12.5550968     0.00000000
  -12.5150167     0.00000000
  -12.4749366     0.00000000
  -12.4348564     0.00000000
  -12.3947763     0.00000000
  -12.3546962     0.00000000
  -12.3146161     0.00000000
  -12.2745360     0.00000000
  -12.2344559     0.00000000
  -12.1943757     0.00000000
  -12.1542956     0.00000000
  -12.1142155     0.00000000
  -12.0741354     0.00000000
  -12.0340553     0.00000000
  -11.9939752     0.00000000
  -11.9538950     0.00000000
  -11.9138149     0.00000000
  -11.8737348     0.00000000
  -11.8336547     0.00000000
  -11.7935746     0.00000000
  -11.7534945     0.00000000
  -11.7134143     0.00000000
  -11.6733342     0.00000000
  -11.6332541     0.00000000
  -11.5931740     0.00000000
  -11.5530939     0.00000000
  -11.5130137     0.00000000
  -11.4729336     0.00000000
  -11.4328535     0.00000000
  -11.3927734     0.00000011
  -11.3526933     0.00000162
  -11.3126132     0.00001710
  -11.2725330     0.00013297
  -11.2324529     0.00076739
  -11.1923728     0.00330878
  -11.1522927     0.01075919
  -11.1122126     0.02674801
  -11.0721325     0.05187036
  -11.0320523     0.08077384
  -10.9919722     0.10512220
  -10.9518921     0.12013648
  -10.9118120     0.12690793
  -10.8717319     0.12913452
  -10.8316518     0.12966039
  -10.7915716     0.12974103
  -10.7514915     0.12974011
  -10.7114114     0.12973017
  -10.6713313     0.12972140
  -10.6312512     0.12971484
  -10.5911710     0.12971060
  -10.5510909     0.12970863
  -10.5110108     0.12970916
  -10.4709307     0.12971179
  -10.4308506     0.12971709
  -10.3907705     0.12972480
  -10.3506903     0.12973413
  -10.3106102     0.12974806
  -10.2705301     0.12976138
  -10.2304500     0.12977925
  -10.1903699     0.12980218
  -10.1502898     0.12981857
  -10.1102096     0.12984957
  -10.0701295     0.12987937
  -10.0300494     0.12989692
   -9.9899693     0.12994651
   -9.9498892     0.12998154
   -9.9098090     0.12999631
   -9.8697289     0.13006936
   -9.8296488     0.13011470
   -9.7895687     0.13011642
   -9.7494886     0.13021219
   -9.7094085     0.13028821
   -9.6693283     0.13026461
   -9.6292482     0.13036004
   -9.5891681     0.13050313
   -9.5490880     0.13046885
   -9.5090079     0.13050221
   -9.4689278     0.13072498
   -9.4288476     0.13076655
   -9.3887675     0.13068158
   -9.3486874     0.13088508
   -9.3086073     0.13112367
   -9.2685272     0.13101734
   -9.2284470     0.13100219
   -9.1883669     0.13136869
   -9.1482868     0.13153231
   -9.1082067     0.13131917
   -9.0681266     0.13142708
   -9.0280465     0.13191278
   -8.9879664     0.13199126
   -8.9478862     0.13170671
   -8.9078061     0.13191852
   -8.8677260     0.13251084
   -8.8276459     0.13255408
   -8.7875658     0.13219566
   -8.7474856     0.13244221
   -8.7074055     0.13316082
   -8.6673254     0.13326502
   -8.6272453     0.13281805
   -8.5871652     0.13298314
   -8.5470850     0.13383378
   -8.5070049     0.13414330
   -8.4669248     0.13364187
   -8.4268447     0.13357356
   -8.3867646     0.13447038
   -8.3466845     0.13514475
   -8.3066044     0.13475399
   -8.2665242     0.13433297
   -8.2264441     0.13503844
   -8.1863640     0.13612580
   -8.1462839     0.13616839
   -8.1062038     0.13547841
   -8.0661236     0.13564770
   -8.0260435     0.13690815
   -7.9859634     0.13769349
   -7.9458833     0.13718174
   -7.9058032     0.13665584
   -7.8657231     0.13749428
   -7.8256429     0.13895282
   -7.7855628     0.13928084
   -7.7454827     0.13848841
   -7.7054026     0.13835914
   -7.6653225     0.13972991
   -7.6252423     0.14117394
   -7.5851622     0.14111869
   -7.5450821     0.14026664
   -7.5050020     0.14056589
   -7.4649219     0.14232416
   -7.4248418     0.14371739
   -7.3847616     0.14343057
   -7.3446815     0.14262826
   -7.3046014     0.14329237
   -7.2645213     0.14536527
   -7.2244412     0.14679376
   -7.1843611     0.14643307
   -7.1442809     0.14571159
   -7.1042008     0.14665356
   -7.0641207     0.14904092
   -7.0240406     0.15066742
   -6.9839605     0.15039494
   -6.9438803     0.14976173
   -6.9038002     0.15090812
   -6.8637201     0.15366282
   -6.8236400     0.15570988
   -6.7835599     0.15573074
   -6.7434798     0.15523066
   -6.7033996     0.15655311
   -6.6633195     0.15978021
   -6.6232394     0.16254776
   -6.5831593     0.16318092
   -6.5430792     0.16298842
   -6.5029991     0.16457956
   -6.4629189     0.16850495
   -6.4228388     0.17247062
   -6.3827587     0.17431353
   -6.3426786     0.17495661
   -6.3025985     0.17730468
   -6.2625184     0.18262831
   -6.2224382     0.18894511
   -6.1823581     0.19361577
   -6.1422780     0.19712160
   -6.1021979     0.20299823
   -6.0621178     0.21420186
   -6.0220376     0.23029776
   -5.9819575     0.24812767
   -5.9418774     0.26390687
   -5.9017973     0.27354374
   -5.8617172     0.27319614
   -5.8216371     0.26139747
   -5.7815569     0.23997129
   -5.7414768     0.21439648
   -5.7013967     0.19291635
   -5.6613166     0.18057226
   -5.6212365     0.17374261
   -5.5811564     0.16496652
   -5.5410762     0.15298023
   -5.5009961     0.14311538
   -5.4609160     0.13847878
   -5.4208359     0.13581625
   -5.3807558     0.13045177
   -5.3406756     0.12237806
   -5.3005955     0.11554023
   -5.2605154     0.11217637
   -5.2204353     0.11028463
   -5.1803552     0.10659969
   -5.1402751     0.10070776
   -5.1001949     0.09523395
   -5.0601148     0.09217971
   -5.0200347     0.09053614
   -4.9799546     0.08783819
   -4.9398745     0.08332092
   -4.8997944     0.07871745
   -4.8597142     0.07580942
   -4.8196341     0.07422220
   -4.7795540     0.07207949
   -4.7394739     0.06845081
   -4.6993938     0.06450836
   -4.6593137     0.06178598
   -4.6192335     0.06016795
   -4.5791534     0.05827595
   -4.5390733     0.05526920
   -4.4989932     0.05184048
   -4.4589131     0.04927574
   -4.4188329     0.04769806
   -4.3787528     0.04591698
   -4.3386727     0.04317722
   -4.2985926     0.04019813
   -4.2585125     0.03795009
   -4.2184324     0.03629243
   -4.1783522     0.03441874
   -4.1382721     0.03198766
   -4.0981920     0.02940930
   -4.0581119     0.02724679
   -4.0180318     0.02553537
   -3.9779517     0.02373024
   -3.9378715     0.02142775
   -3.8977914     0.01898855
   -3.8577113     0.01700598
   -3.8176312     0.01536753
   -3.7775511     0.01344698
   -3.7374710     0.01111918
   -3.6973908     0.00892430
   -3.6573107     0.00717611
   -3.6172306     0.00559501
   -3.5771505     0.00399917
   -3.5370704     0.00283247
   -3.4969903     0.00272911
   -3.4569101     0.00375722
   -3.4168300     0.00534028
   -3.3767499     0.00695454
   -3.3366698     0.00868646
   -3.2965897     0.01084784
   -3.2565096     0.01322750
   -3.2164294     0.01527822
   -3.1763493     0.01701127
   -3.1362692     0.01901420
   -3.0961891     0.02149440
   -3.0561090     0.02394079
   -3.0160288     0.02593309
   -2.9759487     0.02776949
   -2.9358686     0.03002990
   -2.8957885     0.03280180
   -2.8557084     0.03550260
   -2.8156283     0.03759518
   -2.7755481     0.03946126
   -2.7354680     0.04204949
   -2.6953879     0.04545248
   -2.6553078     0.04858220
   -2.6152277     0.05075319
   -2.5751476     0.05278862
   -2.5350674     0.05596210
   -2.4949873     0.06024335
   -2.4549072     0.06415213
   -2.4148271     0.06672434
   -2.3747470     0.06906524
   -2.3346668     0.07310291
   -2.2945867     0.07896797
   -2.2545066     0.08447314
   -2.2144265     0.08800281
   -2.1743464     0.09119332
   -2.1342663     0.09720788
   -2.0941861     0.10636855
   -2.0541060     0.11527563
   -2.0140259     0.12196439
   -1.9739458     0.12987452
   -1.9338657     0.14388499
   -1.8937856     0.16491269
   -1.8537054     0.19090562
   -1.8136253     0.21977554
   -1.7735452     0.24732026
   -1.7334651     0.26493513
   -1.6933850     0.26530520
   -1.6533049     0.24978888
   -1.6132247     0.22685506
   -1.5731446     0.20510934
   -1.5330645     0.18912663
   -1.4929844     0.17918638
   -1.4529043     0.17287657
   -1.4128241     0.16715751
   -1.3727440     0.16047146
   -1.3326639     0.15376847
   -1.2925838     0.14891118
   -1.2525037     0.14635239
   -1.2124236     0.14475323
   -1.1723434     0.14218651
   -1.1322633     0.13801992
   -1.0921832     0.13371775
   -1.0521031     0.13101545
   -1.0120230     0.13008941
   -0.9719428     0.12969016
   -0.9318627     0.12809608
   -0.8917826     0.12480730
   -0.8517025     0.12140344
   -0.8116224     0.11955763
   -0.7715423     0.11925996
   -0.7314621     0.11936609
   -0.6913820     0.11842075
   -0.6513019     0.11575211
   -0.6112218     0.11264261
   -0.5711417     0.11101348
   -0.5310616     0.11108817
   -0.4909814     0.11152156
   -0.4509013     0.11095711
   -0.4108212     0.10892935
   -0.3707411     0.10618541
   -0.3306610     0.10425240
   -0.2905809     0.10411794
   -0.2505007     0.10507081
   -0.2104206     0.10516382
   -0.1703405     0.10338753
   -0.1302604     0.10083362
   -0.0901803     0.09904307
   -0.0501001     0.09846839
   -0.0100200     0.09897792
    0.0300601     0.09981166
    0.0701402     0.09928317
    0.1102203     0.09681409
    0.1503004     0.09425594
    0.1903806     0.09346710
    0.2304607     0.09413840
    0.2705408     0.09490415
    0.3106209     0.09481777
    0.3507010     0.09349005
    0.3907811     0.09128314
    0.4308613     0.08936925
    0.4709414     0.08894352
    0.5110215     0.09010159
    0.5511016     0.09126700
    0.5911817     0.09055911
    0.6312619     0.08818186
    0.6713420     0.08612324
    0.7114221     0.08544688
    0.7515022     0.08570260
    0.7915823     0.08646551
    0.8316624     0.08718128
    0.8717426     0.08653221
    0.9118227     0.08418490
    0.9519028     0.08188183
    0.9919829     0.08139537
    1.0320630     0.08257360
    1.0721431     0.08382005
    1.1122233     0.08370916
    1.1523034     0.08215064
    1.1923835     0.08021437
    1.2324636     0.07886271
    1.2725437     0.07841718
    1.3126239     0.07910607
    1.3527040     0.08054417
    1.3927841     0.08094388
    1.4328642     0.07908124
    1.4729443     0.07642314
    1.5130244     0.07523463
    1.5531046     0.07578472
    1.5931847     0.07687562
    1.6332648     0.07757612
    1.6733449     0.07737586
    1.7134250     0.07601229
    1.7535051     0.07399803
    1.7935853     0.07251145
    1.8336654     0.07249784
    1.8737455     0.07394248
    1.9138256     0.07543274
    1.9539057     0.07507388
    1.9939858     0.07284631
    2.0340660     0.07077142
    2.0741461     0.07015269
    2.1142262     0.07052257
    2.1543063     0.07131145
    2.1943864     0.07230158
    2.2344666     0.07252436
    2.2745467     0.07098961
    2.3146268     0.06854757
    2.3547069     0.06718448
    2.3947870     0.06771976
    2.4348671     0.06931312
    2.4749473     0.07043208
    2.5150274     0.06995649
    2.5551075     0.06818916
    2.5951876     0.06645334
    2.6352677     0.06552936
    2.6753478     0.06547457
    2.7154280     0.06642330
    2.7555081     0.06794921
    2.7955882     0.06835457
    2.8356683     0.06655520
    2.8757484     0.06402152
    2.9158286     0.06295127
    2.9559087     0.06357294
    2.9959888     0.06476998
    3.0360689     0.06571157
    3.0761490     0.06579871
    3.1162291     0.06464251
    3.1563093     0.06272724
    3.1963894     0.06121616
    3.2364695     0.06105735
    3.2765496     0.06235931
    3.3166297     0.06405345
    3.3567098     0.06436698
    3.3967900     0.06267873
    3.4368701     0.06051021
    3.4769502     0.05952278
    3.5170303     0.05968493
    3.5571104     0.06044659
    3.5971905     0.06165339
    3.6372707     0.06243045
    3.6773508     0.06148604
    3.7174309     0.05917854
    3.7575110     0.05747060
    3.7975911     0.05757656
    3.8376713     0.05894112
    3.8777514     0.06029109
    3.9178315     0.06057947
    3.9579116     0.05947034
    3.9979917     0.05768985
    4.0380718     0.05633672
    4.0781519     0.05600601
    4.1182321     0.05690726
    4.1583122     0.05856583
    4.1983923     0.05936108
    4.2384724     0.05810171
    4.2785525     0.05584831
    4.3186327     0.05459317
    4.3587128     0.05481421
    4.3987929     0.05577451
    4.4388730     0.05692871
    4.4789531     0.05754999
    4.5190332     0.05667204
    4.5591134     0.05462553
    4.5991935     0.05309318
    4.6392736     0.05321217
    4.6793537     0.05461226
    4.7194338     0.05598538
    4.7595139     0.05609249
    4.7995941     0.05476150
    4.8396742     0.05303222
    4.8797543     0.05203225
    4.9198344     0.05218874
    4.9599145     0.05341694
    4.9999947     0.05482719
