#
#   partial DOS for atom index     0
#
#   Add data for atom_index =   1,  n,l,m,z=  2  1  1  1
#   Add data for atom_index =   1,  n,l,m,z=  2  1  1  2
#   Add data for atom_index =   2,  n,l,m,z=  2  1  1  1
#   Add data for atom_index =   2,  n,l,m,z=  2  1  1  2
#
#    Energy          spin 1        spin2
#
  -14.9999840     0.04744360
  -14.9599039     0.04713037
  -14.9198237     0.04682273
  -14.8797436     0.04645143
  -14.8396635     0.04609912
  -14.7995834     0.04583880
  -14.7595033     0.04558273
  -14.7194231     0.04524418
  -14.6793430     0.04491197
  -14.6392629     0.04468701
  -14.5991828     0.04447953
  -14.5591027     0.04417329
  -14.5190226     0.04384624
  -14.4789424     0.04363022
  -14.4388623     0.04347101
  -14.3987822     0.04321443
  -14.3587021     0.04288052
  -14.3186220     0.04264476
  -14.2785419     0.04252864
  -14.2384617     0.04236521
  -14.1983816     0.04217852
  -14.1583015     0.04242184
  -14.1182214     0.04377981
  -14.0781413     0.04674194
  -14.0380611     0.05114517
  -13.9979810     0.05604407
  -13.9579009     0.06023591
  -13.9178208     0.06298162
  -13.8777407     0.06429929
  -13.8376606     0.06479248
  -13.7975804     0.06509801
  -13.7575003     0.06542220
  -13.7174202     0.06575775
  -13.6773401     0.06615586
  -13.6372600     0.06649130
  -13.5971799     0.06657381
  -13.5570997     0.06667201
  -13.5170196     0.06721016
  -13.4769395     0.06794429
  -13.4368594     0.06820699
  -13.3967793     0.06796541
  -13.3566992     0.06798091
  -13.3166190     0.06877111
  -13.2765389     0.06979987
  -13.2364588     0.07009111
  -13.1963787     0.06959868
  -13.1562986     0.06939332
  -13.1162184     0.07025206
  -13.0761383     0.07157185
  -13.0360582     0.07213082
  -12.9959781     0.07167193
  -12.9558980     0.07117718
  -12.9158179     0.07164429
  -12.8757377     0.07299614
  -12.8356576     0.07416099
  -12.7955775     0.07423276
  -12.7554974     0.07352903
  -12.7154173     0.07325392
  -12.6753372     0.07420684
  -12.6352570     0.07586775
  -12.5951769     0.07683950
  -12.5550968     0.07645438
  -12.5150167     0.07558972
  -12.4749366     0.07569034
  -12.4348564     0.07720476
  -12.3947763     0.07898377
  -12.3546962     0.07953155
  -12.3146161     0.07877313
  -12.2745360     0.07804970
  -12.2344559     0.07866237
  -12.1943757     0.08055257
  -12.1542956     0.08223887
  -12.1142155     0.08240241
  -12.0741354     0.08138898
  -12.0340553     0.08087738
  -11.9939752     0.08213996
  -11.9538950     0.08447378
  -11.9138149     0.08582167
  -11.8737348     0.08527234
  -11.8336547     0.08416272
  -11.7935746     0.08449403
  -11.7534945     0.08663465
  -11.7134143     0.08881164
  -11.6733342     0.08922642
  -11.6332541     0.08825101
  -11.5931740     0.08789195
  -11.5530939     0.08939599
  -11.5130137     0.09178728
  -11.4729336     0.09304948
  -11.4328535     0.09266543
  -11.3927734     0.09220544
  -11.3526933     0.09323777
  -11.3126132     0.09538076
  -11.2725330     0.09694611
  -11.2324529     0.09720627
  -11.1923728     0.09722178
  -11.1522927     0.09826436
  -11.1122126     0.10009286
  -11.0721325     0.10145727
  -11.0320523     0.10205423
  -10.9919722     0.10287693
  -10.9518921     0.10452087
  -10.9118120     0.10622593
  -10.8717319     0.10712061
  -10.8316518     0.10780856
  -10.7915716     0.10958620
  -10.7514915     0.11217080
  -10.7114114     0.11390819
  -10.6713313     0.11451604
  -10.6312512     0.11568052
  -10.5911710     0.11838763
  -10.5510909     0.12145831
  -10.5110108     0.12356232
  -10.4709307     0.12518416
  -10.4308506     0.12746835
  -10.3907705     0.13052656
  -10.3506903     0.13404109
  -10.3106102     0.13796122
  -10.2705301     0.14200699
  -10.2304500     0.14610951
  -10.1903699     0.15106936
  -10.1502898     0.15787008
  -10.1102096     0.16716418
  -10.0701295     0.17926613
  -10.0300494     0.19342626
   -9.9899693     0.20667470
   -9.9498892     0.21404896
   -9.9098090     0.21183079
   -9.8697289     0.20106891
   -9.8296488     0.18648819
   -9.7895687     0.17242481
   -9.7494886     0.16097478
   -9.7094085     0.15257193
   -9.6693283     0.14666785
   -9.6292482     0.14207318
   -9.5891681     0.13758072
   -9.5490880     0.13284290
   -9.5090079     0.12850553
   -9.4689278     0.12525019
   -9.4288476     0.12290909
   -9.3887675     0.12064454
   -9.3486874     0.11783771
   -9.3086073     0.11470891
   -9.2685272     0.11200241
   -9.2284470     0.11011315
   -9.1883669     0.10871360
   -9.1482868     0.10711783
   -9.1082067     0.10494159
   -9.0681266     0.10252921
   -9.0280465     0.10058205
   -8.9879664     0.09937876
   -8.9478862     0.09849271
   -8.9078061     0.09718028
   -8.8677260     0.09518556
   -8.8276459     0.09314045
   -8.7875658     0.09182428
   -8.7474856     0.09122056
   -8.7074055     0.09053634
   -8.6673254     0.08906461
   -8.6272453     0.08708213
   -8.5871652     0.08560630
   -8.5470850     0.08504835
   -8.5070049     0.08466880
   -8.4669248     0.08361143
   -8.4268447     0.08194187
   -8.3867646     0.08044637
   -8.3466845     0.07970250
   -8.3066044     0.07942665
   -8.2665242     0.07875694
   -8.2264441     0.07736032
   -8.1863640     0.07591089
   -8.1462839     0.07511258
   -8.1062038     0.07480301
   -8.0661236     0.07430322
   -8.0260435     0.07321718
   -7.9859634     0.07185974
   -7.9458833     0.07097058
   -7.9058032     0.07074011
   -7.8657231     0.07038818
   -7.8256429     0.06929018
   -7.7855628     0.06801495
   -7.7454827     0.06740023
   -7.7054026     0.06721493
   -7.6653225     0.06664143
   -7.6252423     0.06556972
   -7.5851622     0.06463493
   -7.5450821     0.06420222
   -7.5050020     0.06387716
   -7.4649219     0.06314617
   -7.4248418     0.06219266
   -7.3847616     0.06157820
   -7.3446815     0.06125057
   -7.3046014     0.06067538
   -7.2645213     0.05985112
   -7.2244412     0.05923693
   -7.1843611     0.05883260
   -7.1442809     0.05827289
   -7.1042008     0.05758697
   -7.0641207     0.05704193
   -7.0240406     0.05657049
   -6.9839605     0.05600431
   -6.9438803     0.05543310
   -6.9038002     0.05492978
   -6.8637201     0.05441636
   -6.8236400     0.05388249
   -6.7835599     0.05334066
   -6.7434798     0.05264285
   -6.7033996     0.05131479
   -6.6633195     0.04829167
   -6.6232394     0.04214780
   -6.5831593     0.03241883
   -6.5430792     0.02090588
   -6.5029991     0.01085202
   -6.4629189     0.00440156
   -6.4228388     0.00136650
   -6.3827587     0.00032020
   -6.3426786     0.00005609
   -6.3025985     0.00000729
   -6.2625184     0.00000070
   -6.2224382     0.00000005
   -6.1823581     0.00000000
   -6.1422780     0.00000000
   -6.1021979     0.00000000
   -6.0621178     0.00000000
   -6.0220376     0.00000000
   -5.9819575     0.00000000
   -5.9418774     0.00000000
   -5.9017973     0.00000000
   -5.8617172     0.00000000
   -5.8216371     0.00000000
   -5.7815569     0.00000000
   -5.7414768     0.00000000
   -5.7013967     0.00000000
   -5.6613166     0.00000000
   -5.6212365     0.00000000
   -5.5811564     0.00000000
   -5.5410762     0.00000000
   -5.5009961     0.00000000
   -5.4609160     0.00000000
   -5.4208359     0.00000000
   -5.3807558     0.00000000
   -5.3406756     0.00000000
   -5.3005955     0.00000000
   -5.2605154     0.00000000
   -5.2204353     0.00000000
   -5.1803552     0.00000000
   -5.1402751     0.00000000
   -5.1001949     0.00000000
   -5.0601148     0.00000000
   -5.0200347     0.00000000
   -4.9799546     0.00000000
   -4.9398745     0.00000000
   -4.8997944     0.00000000
   -4.8597142     0.00000000
   -4.8196341     0.00000000
   -4.7795540     0.00000000
   -4.7394739     0.00000000
   -4.6993938     0.00000000
   -4.6593137     0.00000000
   -4.6192335     0.00000000
   -4.5791534     0.00000000
   -4.5390733     0.00000000
   -4.4989932     0.00000000
   -4.4589131     0.00000000
   -4.4188329     0.00000000
   -4.3787528     0.00000000
   -4.3386727     0.00000000
   -4.2985926     0.00000000
   -4.2585125     0.00000000
   -4.2184324     0.00000000
   -4.1783522     0.00000000
   -4.1382721     0.00000000
   -4.0981920     0.00000000
   -4.0581119     0.00000000
   -4.0180318     0.00000000
   -3.9779517     0.00000000
   -3.9378715     0.00000000
   -3.8977914     0.00000000
   -3.8577113     0.00000000
   -3.8176312     0.00000000
   -3.7775511     0.00000000
   -3.7374710     0.00000000
   -3.6973908     0.00000000
   -3.6573107     0.00000000
   -3.6172306     0.00000000
   -3.5771505     0.00000000
   -3.5370704     0.00000000
   -3.4969903     0.00000000
   -3.4569101     0.00000000
   -3.4168300     0.00000000
   -3.3767499     0.00000000
   -3.3366698     0.00000000
   -3.2965897     0.00000000
   -3.2565096     0.00000000
   -3.2164294     0.00000000
   -3.1763493     0.00000000
   -3.1362692     0.00000000
   -3.0961891     0.00000000
   -3.0561090     0.00000000
   -3.0160288     0.00000000
   -2.9759487     0.00000000
   -2.9358686     0.00000000
   -2.8957885     0.00000000
   -2.8557084     0.00000000
   -2.8156283     0.00000000
   -2.7755481     0.00000000
   -2.7354680     0.00000000
   -2.6953879     0.00000000
   -2.6553078     0.00000000
   -2.6152277     0.00000000
   -2.5751476     0.00000000
   -2.5350674     0.00000000
   -2.4949873     0.00000000
   -2.4549072     0.00000000
   -2.4148271     0.00000000
   -2.3747470     0.00000000
   -2.3346668     0.00000000
   -2.2945867     0.00000000
   -2.2545066     0.00000000
   -2.2144265     0.00000000
   -2.1743464     0.00000000
   -2.1342663     0.00000000
   -2.0941861     0.00000000
   -2.0541060     0.00000000
   -2.0140259     0.00000000
   -1.9739458     0.00000000
   -1.9338657     0.00000000
   -1.8937856     0.00000000
   -1.8537054     0.00000000
   -1.8136253     0.00000000
   -1.7735452     0.00000000
   -1.7334651     0.00000000
   -1.6933850     0.00000000
   -1.6533049     0.00000000
   -1.6132247     0.00000000
   -1.5731446     0.00000000
   -1.5330645     0.00000000
   -1.4929844     0.00000000
   -1.4529043     0.00000000
   -1.4128241     0.00000000
   -1.3727440     0.00000000
   -1.3326639     0.00000000
   -1.2925838     0.00000000
   -1.2525037     0.00000000
   -1.2124236     0.00000000
   -1.1723434     0.00000000
   -1.1322633     0.00000000
   -1.0921832     0.00000000
   -1.0521031     0.00000000
   -1.0120230     0.00000000
   -0.9719428     0.00000000
   -0.9318627     0.00000000
   -0.8917826     0.00000000
   -0.8517025     0.00000000
   -0.8116224     0.00000000
   -0.7715423     0.00000000
   -0.7314621     0.00000000
   -0.6913820     0.00000000
   -0.6513019     0.00000000
   -0.6112218     0.00000000
   -0.5711417     0.00000000
   -0.5310616     0.00000000
   -0.4909814     0.00000000
   -0.4509013     0.00000000
   -0.4108212     0.00000000
   -0.3707411     0.00000000
   -0.3306610     0.00000000
   -0.2905809     0.00000000
   -0.2505007     0.00000000
   -0.2104206     0.00000000
   -0.1703405     0.00000000
   -0.1302604     0.00000000
   -0.0901803     0.00000000
   -0.0501001     0.00000000
   -0.0100200     0.00000000
    0.0300601     0.00000000
    0.0701402     0.00000000
    0.1102203     0.00000000
    0.1503004     0.00000000
    0.1903806     0.00000000
    0.2304607     0.00000000
    0.2705408     0.00000000
    0.3106209     0.00000000
    0.3507010     0.00000000
    0.3907811     0.00000000
    0.4308613     0.00000000
    0.4709414     0.00000000
    0.5110215     0.00000000
    0.5511016     0.00000000
    0.5911817     0.00000000
    0.6312619     0.00000000
    0.6713420     0.00000000
    0.7114221     0.00000000
    0.7515022     0.00000000
    0.7915823     0.00000000
    0.8316624     0.00000000
    0.8717426     0.00000000
    0.9118227     0.00000000
    0.9519028     0.00000000
    0.9919829     0.00000000
    1.0320630     0.00000000
    1.0721431     0.00000000
    1.1122233     0.00000000
    1.1523034     0.00000000
    1.1923835     0.00000000
    1.2324636     0.00000000
    1.2725437     0.00000000
    1.3126239     0.00000000
    1.3527040     0.00000000
    1.3927841     0.00000000
    1.4328642     0.00000000
    1.4729443     0.00000000
    1.5130244     0.00000000
    1.5531046     0.00000000
    1.5931847     0.00000000
    1.6332648     0.00000000
    1.6733449     0.00000000
    1.7134250     0.00000000
    1.7535051     0.00000000
    1.7935853     0.00000000
    1.8336654     0.00000000
    1.8737455     0.00000000
    1.9138256     0.00000000
    1.9539057     0.00000000
    1.9939858     0.00000000
    2.0340660     0.00000000
    2.0741461     0.00000000
    2.1142262     0.00000000
    2.1543063     0.00000000
    2.1943864     0.00000000
    2.2344666     0.00000000
    2.2745467     0.00000000
    2.3146268     0.00000000
    2.3547069     0.00000000
    2.3947870     0.00000000
    2.4348671     0.00000000
    2.4749473     0.00000000
    2.5150274     0.00000000
    2.5551075     0.00000000
    2.5951876     0.00000000
    2.6352677     0.00000000
    2.6753478     0.00000000
    2.7154280     0.00000000
    2.7555081     0.00000000
    2.7955882     0.00000000
    2.8356683     0.00000000
    2.8757484     0.00000000
    2.9158286     0.00000000
    2.9559087     0.00000000
    2.9959888     0.00000000
    3.0360689     0.00000000
    3.0761490     0.00000000
    3.1162291     0.00000000
    3.1563093     0.00000000
    3.1963894     0.00000000
    3.2364695     0.00000000
    3.2765496     0.00000000
    3.3166297     0.00000000
    3.3567098     0.00000000
    3.3967900     0.00000000
    3.4368701     0.00000000
    3.4769502     0.00000000
    3.5170303     0.00000000
    3.5571104     0.00000000
    3.5971905     0.00000000
    3.6372707     0.00000000
    3.6773508     0.00000000
    3.7174309     0.00000001
    3.7575110     0.00000017
    3.7975911     0.00000188
    3.8376713     0.00001517
    3.8777514     0.00009089
    3.9178315     0.00040713
    3.9579116     0.00137649
    3.9979917     0.00356210
    4.0380718     0.00720218
    4.0781519     0.01171979
    4.1182321     0.01598358
    4.1583122     0.01920069
    4.1983923     0.02137558
    4.2384724     0.02295302
    4.2785525     0.02432319
    4.3186327     0.02568493
    4.3587128     0.02711221
    4.3987929     0.02860817
    4.4388730     0.03016940
    4.4789531     0.03184950
    4.5190332     0.03370986
    4.5591134     0.03572980
    4.5991935     0.03787364
    4.6392736     0.04025498
    4.6793537     0.04319776
    4.7194338     0.04735771
    4.7595139     0.05433596
    4.7995941     0.06739700
    4.8396742     0.09027303
    4.8797543     0.12276801
    4.9198344     0.15671333
    4.9599145     0.17875322
    4.9999947     0.18017050
